#
# There is insufficient memory for the Java Runtime Environment to continue.
# Native memory allocation (malloc) failed to allocate 1058336 bytes for Chunk::new
# Possible reasons:
#   The system is out of physical RAM or swap space
#   The process is running with CompressedOops enabled, and the Java Heap may be blocking the growth of the native heap
# Possible solutions:
#   Reduce memory load on the system
#   Increase physical memory or swap space
#   Check if swap backing store is full
#   Decrease Java heap size (-Xmx/-Xms)
#   Decrease number of Java threads
#   Decrease Java thread stack sizes (-Xss)
#   Set larger code cache with -XX:ReservedCodeCacheSize=
#   JVM is running with Unscaled Compressed Oops mode in which the Java heap is
#     placed in the first 4GB address space. The Java Heap base address is the
#     maximum limit for the native heap growth. Please use -XX:HeapBaseMinAddress
#     to set the Java Heap base and to place the Java Heap above 4GB virtual address.
# This output file may be truncated or incomplete.
#
#  Out of Memory Error (arena.cpp:189), pid=24436, tid=19472
#
# JRE version: OpenJDK Runtime Environment Corretto-17.0.6.10.1 (17.0.6+10) (build 17.0.6+10-LTS)
# Java VM: OpenJDK 64-Bit Server VM Corretto-17.0.6.10.1 (17.0.6+10-LTS, mixed mode, sharing, tiered, compressed oops, compressed class ptrs, g1 gc, windows-amd64)
# No core dump will be written. Minidumps are not enabled by default on client versions of Windows
#

---------------  S U M M A R Y ------------

Command Line: --add-opens=java.base/java.util=ALL-UNNAMED --add-opens=java.base/java.lang=ALL-UNNAMED --add-opens=java.base/java.lang.invoke=ALL-UNNAMED --add-opens=java.prefs/java.util.prefs=ALL-UNNAMED --add-opens=java.base/java.nio.charset=ALL-UNNAMED --add-opens=java.base/java.net=ALL-UNNAMED --add-opens=java.base/java.util.concurrent.atomic=ALL-UNNAMED -XX:MaxMetaspaceSize=384m -XX:+HeapDumpOnOutOfMemoryError -Xms256m -Xmx512m -Dfile.encoding=UTF-8 -Duser.country=CZ -Duser.language=cs -Duser.variant -javaagent:C:\Users\hp\.gradle\wrapper\dists\gradle-8.3-bin\dxjbbhstwasg8cbags9q7cvli\gradle-8.3\lib\agents\gradle-instrumentation-agent-8.3.jar org.gradle.launcher.daemon.bootstrap.GradleDaemon 8.3

Host: Intel(R) Core(TM) i5-8250U CPU @ 1.60GHz, 8 cores, 5G,  Windows 10 , 64 bit Build 19041 (10.0.19041.3393)
Time: Sun Oct  1 15:47:27 2023 Stindows 10 , 64 bit Build 19041 (10.0.19041.3393) elapsed time: 6.612537 seconds (0d 0h 0m 6s)

---------------  T H R E A D  ---------------

Current thread (0x000002f0bf55c060):  JavaThread "C2 CompilerThread0" daemon [_thread_in_native, id=19472, stack(0x000000f9bb400000,0x000000f9bb500000)]


Current CompileTask:
C2:   6612 2093       4       jdk.internal.org.objectweb.asm.Frame::execute (2305 bytes)

Stack: [0x000000f9bb400000,0x000000f9bb500000]
Native frames: (J=compiled Java code, j=interpreted, Vv=VM code, C=native code)
V  [jvm.dll+0x64b39a]
V  [jvm.dll+0x7ff044]
V  [jvm.dll+0x8007fe]
V  [jvm.dll+0x800e53]
V  [jvm.dll+0x235848]
V  [jvm.dll+0xbce6c]
V  [jvm.dll+0xbd44c]
V  [jvm.dll+0x29cc12]
V  [jvm.dll+0x557b28]
V  [jvm.dll+0x21216b]
V  [jvm.dll+0x20b8b0]
V  [jvm.dll+0x209122]
V  [jvm.dll+0x19926d]
V  [jvm.dll+0x2185dd]
V  [jvm.dll+0x216824]
V  [jvm.dll+0x7b77bb]
V  [jvm.dll+0x7b1d6a]
V  [jvm.dll+0x64a265]
C  [ucrtbase.dll+0x21bb2]
C  [KERNEL32.DLL+0x17344]
C  [ntdll.dll+0x526b1]


---------------  P R O C E S S  ---------------

Threads class SMR info:
_java_thread_list=0x000002f0c18107c0, length=22, elements={
0x000002f0a4a05f60, 0x000002f0bf542500, 0x000002f0bf543280, 0x000002f0bf556860,
0x000002f0bf55a240, 0x000002f0bf55ab00, 0x000002f0bf55b3c0, 0x000002f0bf55c060,
0x000002f0bf55ca10, 0x000002f0bf561730, 0x000002f0c00b0850, 0x000002f0c01abdb0,
0x000002f0c1b574a0, 0x000002f0c18157f0, 0x000002f0c1a976f0, 0x000002f0c1bd0890,
0x000002f0c1813fb0, 0x000002f0c1550130, 0x000002f0c120ec20, 0x000002f0c15bc060,
0x000002f0c15bced0, 0x000002f0c15bf080
}

Java Threads: ( => current thread )
  0x000002f0a4a05f60 JavaThread "main" [_thread_blocked, id=21232, stack(0x000000f9ba700000,0x000000f9ba800000)]
  0x000002f0bf542500 JavaThread "Reference Handler" daemon [_thread_blocked, id=19152, stack(0x000000f9bae00000,0x000000f9baf00000)]
  0x000002f0bf543280 JavaThread "Finalizer" daemon [_thread_blocked, id=13016, stack(0x000000f9baf00000,0x000000f9bb000000)]
  0x000002f0bf556860 JavaThread "Signal Dispatcher" daemon [_thread_blocked, id=24736, stack(0x000000f9bb000000,0x000000f9bb100000)]
  0x000002f0bf55a240 JavaThread "Attach Listener" daemon [_thread_blocked, id=17736, stack(0x000000f9bb100000,0x000000f9bb200000)]
  0x000002f0bf55ab00 JavaThread "Service Thread" daemon [_thread_blocked, id=24124, stack(0x000000f9bb200000,0x000000f9bb300000)]
  0x000002f0bf55b3c0 JavaThread "Monitor Deflation Thread" daemon [_thread_blocked, id=23964, stack(0x000000f9bb300000,0x000000f9bb400000)]
=>0x000002f0bf55c060 JavaThread "C2 CompilerThread0" daemon [_thread_in_native, id=19472, stack(0x000000f9bb400000,0x000000f9bb500000)]
  0x000002f0bf55ca10 JavaThread "C1 CompilerThread0" daemon [_thread_in_native, id=13028, stack(0x000000f9bb500000,0x000000f9bb600000)]
  0x000002f0bf561730 JavaThread "Sweeper thread" daemon [_thread_blocked, id=19264, stack(0x000000f9bb600000,0x000000f9bb700000)]
  0x000002f0c00b0850 JavaThread "Common-Cleaner" daemon [_thread_blocked, id=24040, stack(0x000000f9bb700000,0x000000f9bb800000)]
  0x000002f0c01abdb0 JavaThread "Notification Thread" daemon [_thread_blocked, id=25412, stack(0x000000f9bb800000,0x000000f9bb900000)]
  0x000002f0c1b574a0 JavaThread "Daemon health stats" [_thread_blocked, id=22104, stack(0x000000f9bc000000,0x000000f9bc100000)]
  0x000002f0c18157f0 JavaThread "Incoming local TCP Connector on port 50327" [_thread_in_native, id=21556, stack(0x000000f9bc100000,0x000000f9bc200000)]
  0x000002f0c1a976f0 JavaThread "Daemon periodic checks" [_thread_blocked, id=25192, stack(0x000000f9bc200000,0x000000f9bc300000)]
  0x000002f0c1bd0890 JavaThread "Daemon" [_thread_blocked, id=15764, stack(0x000000f9bc300000,0x000000f9bc400000)]
  0x000002f0c1813fb0 JavaThread "Handler for socket connection from /127.0.0.1:50327 to /127.0.0.1:50328" [_thread_in_native, id=5968, stack(0x000000f9bc400000,0x000000f9bc500000)]
  0x000002f0c1550130 JavaThread "Cancel handler" [_thread_blocked, id=20564, stack(0x000000f9bc500000,0x000000f9bc600000)]
  0x000002f0c120ec20 JavaThread "Daemon worker" [_thread_in_vm, id=9136, stack(0x000000f9bc600000,0x000000f9bc700000)]
  0x000002f0c15bc060 JavaThread "Asynchronous log dispatcher for DefaultDaemonConnection: socket connection from /127.0.0.1:50327 to /127.0.0.1:50328" [_thread_blocked, id=16908, stack(0x000000f9bc700000,0x000000f9bc800000)]
  0x000002f0c15bced0 JavaThread "Stdin handler" [_thread_blocked, id=23448, stack(0x000000f9bc800000,0x000000f9bc900000)]
  0x000002f0c15bf080 JavaThread "Daemon client event forwarder" [_thread_blocked, id=1568, stack(0x000000f9bc900000,0x000000f9bca00000)]

Other Threads:
  0x000002f0bf53e9f0 VMThread "VM Thread" [stack: 0x000000f9bad00000,0x000000f9bae00000] [id=17540]
  0x000002f0a4a49ed0 WatcherThread [stack: 0x000000f9bb900000,0x000000f9bba00000] [id=16560]
  0x000002f0a4a33810 GCTaskThread "GC Thread#0" [stack: 0x000000f9ba800000,0x000000f9ba900000] [id=22408]
  0x000002f0c0460e50 GCTaskThread "GC Thread#1" [stack: 0x000000f9bba00000,0x000000f9bbb00000] [id=8712]
  0x000002f0c087edb0 GCTaskThread "GC Thread#2" [stack: 0x000000f9bbb00000,0x000000f9bbc00000] [id=23816]
  0x000002f0c087f060 GCTaskThread "GC Thread#3" [stack: 0x000000f9bbc00000,0x000000f9bbd00000] [id=11156]
  0x000002f0c087f310 GCTaskThread "GC Thread#4" [stack: 0x000000f9bbd00000,0x000000f9bbe00000] [id=25508]
  0x000002f0c0ac3d70 GCTaskThread "GC Thread#5" [stack: 0x000000f9bbe00000,0x000000f9bbf00000] [id=21156]
  0x000002f0a4a38660 ConcurrentGCThread "G1 Main Marker" [stack: 0x000000f9ba900000,0x000000f9baa00000] [id=23356]
  0x000002f0a4a397c0 ConcurrentGCThread "G1 Conc#0" [stack: 0x000000f9baa00000,0x000000f9bab00000] [id=16980]
  0x000002f0bf3f84e0 ConcurrentGCThread "G1 Refine#0" [stack: 0x000000f9bab00000,0x000000f9bac00000] [id=17584]
  0x000002f0c0aef2c0 ConcurrentGCThread "G1 Refine#1" [stack: 0x000000f9bbf00000,0x000000f9bc000000] [id=6352]
  0x000002f0bf3f8d10 ConcurrentGCThread "G1 Service" [stack: 0x000000f9bac00000,0x000000f9bad00000] [id=5036]

Threads with active compile tasks:
C2 CompilerThread0     6697 2093       4       jdk.internal.org.objectweb.asm.Frame::execute (2305 bytes)
C1 CompilerThread0     6697 2159   !   3       java.util.jar.Attributes::read (494 bytes)

VM state: not at safepoint (normal execution)

VM Mutex/Monitor currently owned by a thread:  ([mutex/lock_event])
[0x000002f0a4a00f50] SystemDictionary_lock - owner thread: 0x0000000000000000

Heap address: 0x00000000e0000000, size: 512 MB, Compressed Oops mode: 32-bit

CDS archive(s) mapped at: [0x0000000800000000-0x0000000800bc0000-0x0000000800bc0000), size 12320768, SharedBaseAddress: 0x0000000800000000, ArchiveRelocationMode: 0.
Compressed class space mapped at: 0x0000000800c00000-0x0000000814000000, reserved size: 322961408
Narrow klass base: 0x0000000800000000, Narrow klass shift: 0, Narrow klass range: 0x100000000

GC Precious Log:
 CPUs: 8 total, 8 available
 Memory: 6024M
 Large Page Support: Disabled
 NUMA Support: Disabled
 Compressed Oops: Enabled (32-bit)
 Heap Region Size: 1M
 Heap Min Capacity: 256M
 Heap Initial Capacity: 256M
 Heap Max Capacity: 512M
 Pre-touch: Disabled
 Parallel Workers: 8
 Concurrent Workers: 2
 Concurrent Refinement Workers: 8
 Periodic GC: Disabled

Heap:
 garbage-first heap   total 262144K, used 64980K [0x00000000e0000000, 0x0000000100000000)
  region size 1024K, 53 young (54272K), 1 survivors (1024K)
 Metaspace       used 12686K, committed 12992K, reserved 331776K
  class space    used 1782K, committed 1920K, reserved 315392K

Heap Regions: E=young(eden), S=young(survivor), O=old, HS=humongous(starts), HC=humongous(continues), CS=collection set, F=free, OA=open archive, CA=closed archive, TAMS=top-at-mark-start (previous, next)
|   0|0x00000000e0000000, 0x00000000e0100000, 0x00000000e0100000|100%|HS|  |TAMS 0x00000000e0000000, 0x00000000e0000000| Complete 
|   1|0x00000000e0100000, 0x00000000e0200000, 0x00000000e0200000|100%|HC|  |TAMS 0x00000000e0100000, 0x00000000e0100000| Complete 
|   2|0x00000000e0200000, 0x00000000e0300000, 0x00000000e0300000|100%|HC|  |TAMS 0x00000000e0200000, 0x00000000e0200000| Complete 
|   3|0x00000000e0300000, 0x00000000e0400000, 0x00000000e0400000|100%|HC|  |TAMS 0x00000000e0300000, 0x00000000e0300000| Complete 
|   4|0x00000000e0400000, 0x00000000e0500000, 0x00000000e0500000|100%| O|  |TAMS 0x00000000e0400000, 0x00000000e0400000| Untracked 
|   5|0x00000000e0500000, 0x00000000e0600000, 0x00000000e0600000|100%| O|  |TAMS 0x00000000e0500000, 0x00000000e0500000| Untracked 
|   6|0x00000000e0600000, 0x00000000e0700000, 0x00000000e0700000|100%| O|  |TAMS 0x00000000e0600000, 0x00000000e0600000| Untracked 
|   7|0x00000000e0700000, 0x00000000e0800000, 0x00000000e0800000|100%| O|  |TAMS 0x00000000e0700000, 0x00000000e0700000| Untracked 
|   8|0x00000000e0800000, 0x00000000e0900000, 0x00000000e0900000|100%| O|  |TAMS 0x00000000e0800000, 0x00000000e0800000| Untracked 
|   9|0x00000000e0900000, 0x00000000e0a00000, 0x00000000e0a00000|100%| O|  |TAMS 0x00000000e0900000, 0x00000000e0900000| Untracked 
|  10|0x00000000e0a00000, 0x00000000e0ac0e00, 0x00000000e0b00000| 75%| O|  |TAMS 0x00000000e0a00000, 0x00000000e0a00000| Untracked 
|  11|0x00000000e0b00000, 0x00000000e0c00000, 0x00000000e0c00000|100%|HS|  |TAMS 0x00000000e0b00000, 0x00000000e0b00000| Complete 
|  12|0x00000000e0c00000, 0x00000000e0c00000, 0x00000000e0d00000|  0%| F|  |TAMS 0x00000000e0c00000, 0x00000000e0c00000| Untracked 
|  13|0x00000000e0d00000, 0x00000000e0d00000, 0x00000000e0e00000|  0%| F|  |TAMS 0x00000000e0d00000, 0x00000000e0d00000| Untracked 
|  14|0x00000000e0e00000, 0x00000000e0e00000, 0x00000000e0f00000|  0%| F|  |TAMS 0x00000000e0e00000, 0x00000000e0e00000| Untracked 
|  15|0x00000000e0f00000, 0x00000000e0f00000, 0x00000000e1000000|  0%| F|  |TAMS 0x00000000e0f00000, 0x00000000e0f00000| Untracked 
|  16|0x00000000e1000000, 0x00000000e1000000, 0x00000000e1100000|  0%| F|  |TAMS 0x00000000e1000000, 0x00000000e1000000| Untracked 
|  17|0x00000000e1100000, 0x00000000e1100000, 0x00000000e1200000|  0%| F|  |TAMS 0x00000000e1100000, 0x00000000e1100000| Untracked 
|  18|0x00000000e1200000, 0x00000000e1200000, 0x00000000e1300000|  0%| F|  |TAMS 0x00000000e1200000, 0x00000000e1200000| Untracked 
|  19|0x00000000e1300000, 0x00000000e1300000, 0x00000000e1400000|  0%| F|  |TAMS 0x00000000e1300000, 0x00000000e1300000| Untracked 
|  20|0x00000000e1400000, 0x00000000e1400000, 0x00000000e1500000|  0%| F|  |TAMS 0x00000000e1400000, 0x00000000e1400000| Untracked 
|  21|0x00000000e1500000, 0x00000000e1500000, 0x00000000e1600000|  0%| F|  |TAMS 0x00000000e1500000, 0x00000000e1500000| Untracked 
|  22|0x00000000e1600000, 0x00000000e1600000, 0x00000000e1700000|  0%| F|  |TAMS 0x00000000e1600000, 0x00000000e1600000| Untracked 
|  23|0x00000000e1700000, 0x00000000e1700000, 0x00000000e1800000|  0%| F|  |TAMS 0x00000000e1700000, 0x00000000e1700000| Untracked 
|  24|0x00000000e1800000, 0x00000000e1800000, 0x00000000e1900000|  0%| F|  |TAMS 0x00000000e1800000, 0x00000000e1800000| Untracked 
|  25|0x00000000e1900000, 0x00000000e1900000, 0x00000000e1a00000|  0%| F|  |TAMS 0x00000000e1900000, 0x00000000e1900000| Untracked 
|  26|0x00000000e1a00000, 0x00000000e1a00000, 0x00000000e1b00000|  0%| F|  |TAMS 0x00000000e1a00000, 0x00000000e1a00000| Untracked 
|  27|0x00000000e1b00000, 0x00000000e1b00000, 0x00000000e1c00000|  0%| F|  |TAMS 0x00000000e1b00000, 0x00000000e1b00000| Untracked 
|  28|0x00000000e1c00000, 0x00000000e1c00000, 0x00000000e1d00000|  0%| F|  |TAMS 0x00000000e1c00000, 0x00000000e1c00000| Untracked 
|  29|0x00000000e1d00000, 0x00000000e1d00000, 0x00000000e1e00000|  0%| F|  |TAMS 0x00000000e1d00000, 0x00000000e1d00000| Untracked 
|  30|0x00000000e1e00000, 0x00000000e1e00000, 0x00000000e1f00000|  0%| F|  |TAMS 0x00000000e1e00000, 0x00000000e1e00000| Untracked 
|  31|0x00000000e1f00000, 0x00000000e1f00000, 0x00000000e2000000|  0%| F|  |TAMS 0x00000000e1f00000, 0x00000000e1f00000| Untracked 
|  32|0x00000000e2000000, 0x00000000e2000000, 0x00000000e2100000|  0%| F|  |TAMS 0x00000000e2000000, 0x00000000e2000000| Untracked 
|  33|0x00000000e2100000, 0x00000000e2100000, 0x00000000e2200000|  0%| F|  |TAMS 0x00000000e2100000, 0x00000000e2100000| Untracked 
|  34|0x00000000e2200000, 0x00000000e2200000, 0x00000000e2300000|  0%| F|  |TAMS 0x00000000e2200000, 0x00000000e2200000| Untracked 
|  35|0x00000000e2300000, 0x00000000e2300000, 0x00000000e2400000|  0%| F|  |TAMS 0x00000000e2300000, 0x00000000e2300000| Untracked 
|  36|0x00000000e2400000, 0x00000000e2400000, 0x00000000e2500000|  0%| F|  |TAMS 0x00000000e2400000, 0x00000000e2400000| Untracked 
|  37|0x00000000e2500000, 0x00000000e2500000, 0x00000000e2600000|  0%| F|  |TAMS 0x00000000e2500000, 0x00000000e2500000| Untracked 
|  38|0x00000000e2600000, 0x00000000e2600000, 0x00000000e2700000|  0%| F|  |TAMS 0x00000000e2600000, 0x00000000e2600000| Untracked 
|  39|0x00000000e2700000, 0x00000000e2700000, 0x00000000e2800000|  0%| F|  |TAMS 0x00000000e2700000, 0x00000000e2700000| Untracked 
|  40|0x00000000e2800000, 0x00000000e2800000, 0x00000000e2900000|  0%| F|  |TAMS 0x00000000e2800000, 0x00000000e2800000| Untracked 
|  41|0x00000000e2900000, 0x00000000e2900000, 0x00000000e2a00000|  0%| F|  |TAMS 0x00000000e2900000, 0x00000000e2900000| Untracked 
|  42|0x00000000e2a00000, 0x00000000e2a00000, 0x00000000e2b00000|  0%| F|  |TAMS 0x00000000e2a00000, 0x00000000e2a00000| Untracked 
|  43|0x00000000e2b00000, 0x00000000e2b00000, 0x00000000e2c00000|  0%| F|  |TAMS 0x00000000e2b00000, 0x00000000e2b00000| Untracked 
|  44|0x00000000e2c00000, 0x00000000e2c00000, 0x00000000e2d00000|  0%| F|  |TAMS 0x00000000e2c00000, 0x00000000e2c00000| Untracked 
|  45|0x00000000e2d00000, 0x00000000e2d00000, 0x00000000e2e00000|  0%| F|  |TAMS 0x00000000e2d00000, 0x00000000e2d00000| Untracked 
|  46|0x00000000e2e00000, 0x00000000e2e00000, 0x00000000e2f00000|  0%| F|  |TAMS 0x00000000e2e00000, 0x00000000e2e00000| Untracked 
|  47|0x00000000e2f00000, 0x00000000e2f00000, 0x00000000e3000000|  0%| F|  |TAMS 0x00000000e2f00000, 0x00000000e2f00000| Untracked 
|  48|0x00000000e3000000, 0x00000000e3000000, 0x00000000e3100000|  0%| F|  |TAMS 0x00000000e3000000, 0x00000000e3000000| Untracked 
|  49|0x00000000e3100000, 0x00000000e3100000, 0x00000000e3200000|  0%| F|  |TAMS 0x00000000e3100000, 0x00000000e3100000| Untracked 
|  50|0x00000000e3200000, 0x00000000e3200000, 0x00000000e3300000|  0%| F|  |TAMS 0x00000000e3200000, 0x00000000e3200000| Untracked 
|  51|0x00000000e3300000, 0x00000000e3300000, 0x00000000e3400000|  0%| F|  |TAMS 0x00000000e3300000, 0x00000000e3300000| Untracked 
|  52|0x00000000e3400000, 0x00000000e3400000, 0x00000000e3500000|  0%| F|  |TAMS 0x00000000e3400000, 0x00000000e3400000| Untracked 
|  53|0x00000000e3500000, 0x00000000e3500000, 0x00000000e3600000|  0%| F|  |TAMS 0x00000000e3500000, 0x00000000e3500000| Untracked 
|  54|0x00000000e3600000, 0x00000000e3600000, 0x00000000e3700000|  0%| F|  |TAMS 0x00000000e3600000, 0x00000000e3600000| Untracked 
|  55|0x00000000e3700000, 0x00000000e3700000, 0x00000000e3800000|  0%| F|  |TAMS 0x00000000e3700000, 0x00000000e3700000| Untracked 
|  56|0x00000000e3800000, 0x00000000e3800000, 0x00000000e3900000|  0%| F|  |TAMS 0x00000000e3800000, 0x00000000e3800000| Untracked 
|  57|0x00000000e3900000, 0x00000000e3900000, 0x00000000e3a00000|  0%| F|  |TAMS 0x00000000e3900000, 0x00000000e3900000| Untracked 
|  58|0x00000000e3a00000, 0x00000000e3a00000, 0x00000000e3b00000|  0%| F|  |TAMS 0x00000000e3a00000, 0x00000000e3a00000| Untracked 
|  59|0x00000000e3b00000, 0x00000000e3b00000, 0x00000000e3c00000|  0%| F|  |TAMS 0x00000000e3b00000, 0x00000000e3b00000| Untracked 
|  60|0x00000000e3c00000, 0x00000000e3c00000, 0x00000000e3d00000|  0%| F|  |TAMS 0x00000000e3c00000, 0x00000000e3c00000| Untracked 
|  61|0x00000000e3d00000, 0x00000000e3d00000, 0x00000000e3e00000|  0%| F|  |TAMS 0x00000000e3d00000, 0x00000000e3d00000| Untracked 
|  62|0x00000000e3e00000, 0x00000000e3e00000, 0x00000000e3f00000|  0%| F|  |TAMS 0x00000000e3e00000, 0x00000000e3e00000| Untracked 
|  63|0x00000000e3f00000, 0x00000000e3f00000, 0x00000000e4000000|  0%| F|  |TAMS 0x00000000e3f00000, 0x00000000e3f00000| Untracked 
|  64|0x00000000e4000000, 0x00000000e4000000, 0x00000000e4100000|  0%| F|  |TAMS 0x00000000e4000000, 0x00000000e4000000| Untracked 
|  65|0x00000000e4100000, 0x00000000e4100000, 0x00000000e4200000|  0%| F|  |TAMS 0x00000000e4100000, 0x00000000e4100000| Untracked 
|  66|0x00000000e4200000, 0x00000000e4200000, 0x00000000e4300000|  0%| F|  |TAMS 0x00000000e4200000, 0x00000000e4200000| Untracked 
|  67|0x00000000e4300000, 0x00000000e4300000, 0x00000000e4400000|  0%| F|  |TAMS 0x00000000e4300000, 0x00000000e4300000| Untracked 
|  68|0x00000000e4400000, 0x00000000e4400000, 0x00000000e4500000|  0%| F|  |TAMS 0x00000000e4400000, 0x00000000e4400000| Untracked 
|  69|0x00000000e4500000, 0x00000000e4500000, 0x00000000e4600000|  0%| F|  |TAMS 0x00000000e4500000, 0x00000000e4500000| Untracked 
|  70|0x00000000e4600000, 0x00000000e4600000, 0x00000000e4700000|  0%| F|  |TAMS 0x00000000e4600000, 0x00000000e4600000| Untracked 
|  71|0x00000000e4700000, 0x00000000e4700000, 0x00000000e4800000|  0%| F|  |TAMS 0x00000000e4700000, 0x00000000e4700000| Untracked 
|  72|0x00000000e4800000, 0x00000000e4800000, 0x00000000e4900000|  0%| F|  |TAMS 0x00000000e4800000, 0x00000000e4800000| Untracked 
|  73|0x00000000e4900000, 0x00000000e4900000, 0x00000000e4a00000|  0%| F|  |TAMS 0x00000000e4900000, 0x00000000e4900000| Untracked 
|  74|0x00000000e4a00000, 0x00000000e4a00000, 0x00000000e4b00000|  0%| F|  |TAMS 0x00000000e4a00000, 0x00000000e4a00000| Untracked 
|  75|0x00000000e4b00000, 0x00000000e4b00000, 0x00000000e4c00000|  0%| F|  |TAMS 0x00000000e4b00000, 0x00000000e4b00000| Untracked 
|  76|0x00000000e4c00000, 0x00000000e4c00000, 0x00000000e4d00000|  0%| F|  |TAMS 0x00000000e4c00000, 0x00000000e4c00000| Untracked 
|  77|0x00000000e4d00000, 0x00000000e4d00000, 0x00000000e4e00000|  0%| F|  |TAMS 0x00000000e4d00000, 0x00000000e4d00000| Untracked 
|  78|0x00000000e4e00000, 0x00000000e4e00000, 0x00000000e4f00000|  0%| F|  |TAMS 0x00000000e4e00000, 0x00000000e4e00000| Untracked 
|  79|0x00000000e4f00000, 0x00000000e4f00000, 0x00000000e5000000|  0%| F|  |TAMS 0x00000000e4f00000, 0x00000000e4f00000| Untracked 
|  80|0x00000000e5000000, 0x00000000e5000000, 0x00000000e5100000|  0%| F|  |TAMS 0x00000000e5000000, 0x00000000e5000000| Untracked 
|  81|0x00000000e5100000, 0x00000000e5100000, 0x00000000e5200000|  0%| F|  |TAMS 0x00000000e5100000, 0x00000000e5100000| Untracked 
|  82|0x00000000e5200000, 0x00000000e5200000, 0x00000000e5300000|  0%| F|  |TAMS 0x00000000e5200000, 0x00000000e5200000| Untracked 
|  83|0x00000000e5300000, 0x00000000e5300000, 0x00000000e5400000|  0%| F|  |TAMS 0x00000000e5300000, 0x00000000e5300000| Untracked 
|  84|0x00000000e5400000, 0x00000000e5400000, 0x00000000e5500000|  0%| F|  |TAMS 0x00000000e5400000, 0x00000000e5400000| Untracked 
|  85|0x00000000e5500000, 0x00000000e5500000, 0x00000000e5600000|  0%| F|  |TAMS 0x00000000e5500000, 0x00000000e5500000| Untracked 
|  86|0x00000000e5600000, 0x00000000e5600000, 0x00000000e5700000|  0%| F|  |TAMS 0x00000000e5600000, 0x00000000e5600000| Untracked 
|  87|0x00000000e5700000, 0x00000000e5700000, 0x00000000e5800000|  0%| F|  |TAMS 0x00000000e5700000, 0x00000000e5700000| Untracked 
|  88|0x00000000e5800000, 0x00000000e5800000, 0x00000000e5900000|  0%| F|  |TAMS 0x00000000e5800000, 0x00000000e5800000| Untracked 
|  89|0x00000000e5900000, 0x00000000e5900000, 0x00000000e5a00000|  0%| F|  |TAMS 0x00000000e5900000, 0x00000000e5900000| Untracked 
|  90|0x00000000e5a00000, 0x00000000e5a00000, 0x00000000e5b00000|  0%| F|  |TAMS 0x00000000e5a00000, 0x00000000e5a00000| Untracked 
|  91|0x00000000e5b00000, 0x00000000e5b00000, 0x00000000e5c00000|  0%| F|  |TAMS 0x00000000e5b00000, 0x00000000e5b00000| Untracked 
|  92|0x00000000e5c00000, 0x00000000e5c00000, 0x00000000e5d00000|  0%| F|  |TAMS 0x00000000e5c00000, 0x00000000e5c00000| Untracked 
|  93|0x00000000e5d00000, 0x00000000e5d00000, 0x00000000e5e00000|  0%| F|  |TAMS 0x00000000e5d00000, 0x00000000e5d00000| Untracked 
|  94|0x00000000e5e00000, 0x00000000e5e00000, 0x00000000e5f00000|  0%| F|  |TAMS 0x00000000e5e00000, 0x00000000e5e00000| Untracked 
|  95|0x00000000e5f00000, 0x00000000e5f00000, 0x00000000e6000000|  0%| F|  |TAMS 0x00000000e5f00000, 0x00000000e5f00000| Untracked 
|  96|0x00000000e6000000, 0x00000000e6000000, 0x00000000e6100000|  0%| F|  |TAMS 0x00000000e6000000, 0x00000000e6000000| Untracked 
|  97|0x00000000e6100000, 0x00000000e6100000, 0x00000000e6200000|  0%| F|  |TAMS 0x00000000e6100000, 0x00000000e6100000| Untracked 
|  98|0x00000000e6200000, 0x00000000e6200000, 0x00000000e6300000|  0%| F|  |TAMS 0x00000000e6200000, 0x00000000e6200000| Untracked 
|  99|0x00000000e6300000, 0x00000000e6300000, 0x00000000e6400000|  0%| F|  |TAMS 0x00000000e6300000, 0x00000000e6300000| Untracked 
| 100|0x00000000e6400000, 0x00000000e6400000, 0x00000000e6500000|  0%| F|  |TAMS 0x00000000e6400000, 0x00000000e6400000| Untracked 
| 101|0x00000000e6500000, 0x00000000e6500000, 0x00000000e6600000|  0%| F|  |TAMS 0x00000000e6500000, 0x00000000e6500000| Untracked 
| 102|0x00000000e6600000, 0x00000000e6600000, 0x00000000e6700000|  0%| F|  |TAMS 0x00000000e6600000, 0x00000000e6600000| Untracked 
| 103|0x00000000e6700000, 0x00000000e6700000, 0x00000000e6800000|  0%| F|  |TAMS 0x00000000e6700000, 0x00000000e6700000| Untracked 
| 104|0x00000000e6800000, 0x00000000e6800000, 0x00000000e6900000|  0%| F|  |TAMS 0x00000000e6800000, 0x00000000e6800000| Untracked 
| 105|0x00000000e6900000, 0x00000000e6900000, 0x00000000e6a00000|  0%| F|  |TAMS 0x00000000e6900000, 0x00000000e6900000| Untracked 
| 106|0x00000000e6a00000, 0x00000000e6a00000, 0x00000000e6b00000|  0%| F|  |TAMS 0x00000000e6a00000, 0x00000000e6a00000| Untracked 
| 107|0x00000000e6b00000, 0x00000000e6b00000, 0x00000000e6c00000|  0%| F|  |TAMS 0x00000000e6b00000, 0x00000000e6b00000| Untracked 
| 108|0x00000000e6c00000, 0x00000000e6c00000, 0x00000000e6d00000|  0%| F|  |TAMS 0x00000000e6c00000, 0x00000000e6c00000| Untracked 
| 109|0x00000000e6d00000, 0x00000000e6d00000, 0x00000000e6e00000|  0%| F|  |TAMS 0x00000000e6d00000, 0x00000000e6d00000| Untracked 
| 110|0x00000000e6e00000, 0x00000000e6e00000, 0x00000000e6f00000|  0%| F|  |TAMS 0x00000000e6e00000, 0x00000000e6e00000| Untracked 
| 111|0x00000000e6f00000, 0x00000000e6f00000, 0x00000000e7000000|  0%| F|  |TAMS 0x00000000e6f00000, 0x00000000e6f00000| Untracked 
| 112|0x00000000e7000000, 0x00000000e7000000, 0x00000000e7100000|  0%| F|  |TAMS 0x00000000e7000000, 0x00000000e7000000| Untracked 
| 113|0x00000000e7100000, 0x00000000e7100000, 0x00000000e7200000|  0%| F|  |TAMS 0x00000000e7100000, 0x00000000e7100000| Untracked 
| 114|0x00000000e7200000, 0x00000000e7200000, 0x00000000e7300000|  0%| F|  |TAMS 0x00000000e7200000, 0x00000000e7200000| Untracked 
| 115|0x00000000e7300000, 0x00000000e7300000, 0x00000000e7400000|  0%| F|  |TAMS 0x00000000e7300000, 0x00000000e7300000| Untracked 
| 116|0x00000000e7400000, 0x00000000e7400000, 0x00000000e7500000|  0%| F|  |TAMS 0x00000000e7400000, 0x00000000e7400000| Untracked 
| 117|0x00000000e7500000, 0x00000000e7500000, 0x00000000e7600000|  0%| F|  |TAMS 0x00000000e7500000, 0x00000000e7500000| Untracked 
| 118|0x00000000e7600000, 0x00000000e7600000, 0x00000000e7700000|  0%| F|  |TAMS 0x00000000e7600000, 0x00000000e7600000| Untracked 
| 119|0x00000000e7700000, 0x00000000e7700000, 0x00000000e7800000|  0%| F|  |TAMS 0x00000000e7700000, 0x00000000e7700000| Untracked 
| 120|0x00000000e7800000, 0x00000000e7800000, 0x00000000e7900000|  0%| F|  |TAMS 0x00000000e7800000, 0x00000000e7800000| Untracked 
| 121|0x00000000e7900000, 0x00000000e7900000, 0x00000000e7a00000|  0%| F|  |TAMS 0x00000000e7900000, 0x00000000e7900000| Untracked 
| 122|0x00000000e7a00000, 0x00000000e7a00000, 0x00000000e7b00000|  0%| F|  |TAMS 0x00000000e7a00000, 0x00000000e7a00000| Untracked 
| 123|0x00000000e7b00000, 0x00000000e7b00000, 0x00000000e7c00000|  0%| F|  |TAMS 0x00000000e7b00000, 0x00000000e7b00000| Untracked 
| 124|0x00000000e7c00000, 0x00000000e7c00000, 0x00000000e7d00000|  0%| F|  |TAMS 0x00000000e7c00000, 0x00000000e7c00000| Untracked 
| 125|0x00000000e7d00000, 0x00000000e7d00000, 0x00000000e7e00000|  0%| F|  |TAMS 0x00000000e7d00000, 0x00000000e7d00000| Untracked 
| 126|0x00000000e7e00000, 0x00000000e7e00000, 0x00000000e7f00000|  0%| F|  |TAMS 0x00000000e7e00000, 0x00000000e7e00000| Untracked 
| 127|0x00000000e7f00000, 0x00000000e7f00000, 0x00000000e8000000|  0%| F|  |TAMS 0x00000000e7f00000, 0x00000000e7f00000| Untracked 
| 128|0x00000000e8000000, 0x00000000e8000000, 0x00000000e8100000|  0%| F|  |TAMS 0x00000000e8000000, 0x00000000e8000000| Untracked 
| 129|0x00000000e8100000, 0x00000000e8100000, 0x00000000e8200000|  0%| F|  |TAMS 0x00000000e8100000, 0x00000000e8100000| Untracked 
| 130|0x00000000e8200000, 0x00000000e8200000, 0x00000000e8300000|  0%| F|  |TAMS 0x00000000e8200000, 0x00000000e8200000| Untracked 
| 131|0x00000000e8300000, 0x00000000e8300000, 0x00000000e8400000|  0%| F|  |TAMS 0x00000000e8300000, 0x00000000e8300000| Untracked 
| 132|0x00000000e8400000, 0x00000000e8400000, 0x00000000e8500000|  0%| F|  |TAMS 0x00000000e8400000, 0x00000000e8400000| Untracked 
| 133|0x00000000e8500000, 0x00000000e8500000, 0x00000000e8600000|  0%| F|  |TAMS 0x00000000e8500000, 0x00000000e8500000| Untracked 
| 134|0x00000000e8600000, 0x00000000e8600000, 0x00000000e8700000|  0%| F|  |TAMS 0x00000000e8600000, 0x00000000e8600000| Untracked 
| 135|0x00000000e8700000, 0x00000000e8700000, 0x00000000e8800000|  0%| F|  |TAMS 0x00000000e8700000, 0x00000000e8700000| Untracked 
| 136|0x00000000e8800000, 0x00000000e8800000, 0x00000000e8900000|  0%| F|  |TAMS 0x00000000e8800000, 0x00000000e8800000| Untracked 
| 137|0x00000000e8900000, 0x00000000e8900000, 0x00000000e8a00000|  0%| F|  |TAMS 0x00000000e8900000, 0x00000000e8900000| Untracked 
| 138|0x00000000e8a00000, 0x00000000e8a00000, 0x00000000e8b00000|  0%| F|  |TAMS 0x00000000e8a00000, 0x00000000e8a00000| Untracked 
| 139|0x00000000e8b00000, 0x00000000e8b00000, 0x00000000e8c00000|  0%| F|  |TAMS 0x00000000e8b00000, 0x00000000e8b00000| Untracked 
| 140|0x00000000e8c00000, 0x00000000e8c00000, 0x00000000e8d00000|  0%| F|  |TAMS 0x00000000e8c00000, 0x00000000e8c00000| Untracked 
| 141|0x00000000e8d00000, 0x00000000e8d00000, 0x00000000e8e00000|  0%| F|  |TAMS 0x00000000e8d00000, 0x00000000e8d00000| Untracked 
| 142|0x00000000e8e00000, 0x00000000e8e00000, 0x00000000e8f00000|  0%| F|  |TAMS 0x00000000e8e00000, 0x00000000e8e00000| Untracked 
| 143|0x00000000e8f00000, 0x00000000e8f00000, 0x00000000e9000000|  0%| F|  |TAMS 0x00000000e8f00000, 0x00000000e8f00000| Untracked 
| 144|0x00000000e9000000, 0x00000000e9000000, 0x00000000e9100000|  0%| F|  |TAMS 0x00000000e9000000, 0x00000000e9000000| Untracked 
| 145|0x00000000e9100000, 0x00000000e9100000, 0x00000000e9200000|  0%| F|  |TAMS 0x00000000e9100000, 0x00000000e9100000| Untracked 
| 146|0x00000000e9200000, 0x00000000e9200000, 0x00000000e9300000|  0%| F|  |TAMS 0x00000000e9200000, 0x00000000e9200000| Untracked 
| 147|0x00000000e9300000, 0x00000000e9300000, 0x00000000e9400000|  0%| F|  |TAMS 0x00000000e9300000, 0x00000000e9300000| Untracked 
| 148|0x00000000e9400000, 0x00000000e9400000, 0x00000000e9500000|  0%| F|  |TAMS 0x00000000e9400000, 0x00000000e9400000| Untracked 
| 149|0x00000000e9500000, 0x00000000e9500000, 0x00000000e9600000|  0%| F|  |TAMS 0x00000000e9500000, 0x00000000e9500000| Untracked 
| 150|0x00000000e9600000, 0x00000000e9600000, 0x00000000e9700000|  0%| F|  |TAMS 0x00000000e9600000, 0x00000000e9600000| Untracked 
| 151|0x00000000e9700000, 0x00000000e9700000, 0x00000000e9800000|  0%| F|  |TAMS 0x00000000e9700000, 0x00000000e9700000| Untracked 
| 152|0x00000000e9800000, 0x00000000e9800000, 0x00000000e9900000|  0%| F|  |TAMS 0x00000000e9800000, 0x00000000e9800000| Untracked 
| 153|0x00000000e9900000, 0x00000000e9900000, 0x00000000e9a00000|  0%| F|  |TAMS 0x00000000e9900000, 0x00000000e9900000| Untracked 
| 154|0x00000000e9a00000, 0x00000000e9a00000, 0x00000000e9b00000|  0%| F|  |TAMS 0x00000000e9a00000, 0x00000000e9a00000| Untracked 
| 155|0x00000000e9b00000, 0x00000000e9b00000, 0x00000000e9c00000|  0%| F|  |TAMS 0x00000000e9b00000, 0x00000000e9b00000| Untracked 
| 156|0x00000000e9c00000, 0x00000000e9c00000, 0x00000000e9d00000|  0%| F|  |TAMS 0x00000000e9c00000, 0x00000000e9c00000| Untracked 
| 157|0x00000000e9d00000, 0x00000000e9d00000, 0x00000000e9e00000|  0%| F|  |TAMS 0x00000000e9d00000, 0x00000000e9d00000| Untracked 
| 158|0x00000000e9e00000, 0x00000000e9e00000, 0x00000000e9f00000|  0%| F|  |TAMS 0x00000000e9e00000, 0x00000000e9e00000| Untracked 
| 159|0x00000000e9f00000, 0x00000000e9f00000, 0x00000000ea000000|  0%| F|  |TAMS 0x00000000e9f00000, 0x00000000e9f00000| Untracked 
| 160|0x00000000ea000000, 0x00000000ea000000, 0x00000000ea100000|  0%| F|  |TAMS 0x00000000ea000000, 0x00000000ea000000| Untracked 
| 161|0x00000000ea100000, 0x00000000ea100000, 0x00000000ea200000|  0%| F|  |TAMS 0x00000000ea100000, 0x00000000ea100000| Untracked 
| 162|0x00000000ea200000, 0x00000000ea200000, 0x00000000ea300000|  0%| F|  |TAMS 0x00000000ea200000, 0x00000000ea200000| Untracked 
| 163|0x00000000ea300000, 0x00000000ea300000, 0x00000000ea400000|  0%| F|  |TAMS 0x00000000ea300000, 0x00000000ea300000| Untracked 
| 164|0x00000000ea400000, 0x00000000ea400000, 0x00000000ea500000|  0%| F|  |TAMS 0x00000000ea400000, 0x00000000ea400000| Untracked 
| 165|0x00000000ea500000, 0x00000000ea500000, 0x00000000ea600000|  0%| F|  |TAMS 0x00000000ea500000, 0x00000000ea500000| Untracked 
| 166|0x00000000ea600000, 0x00000000ea600000, 0x00000000ea700000|  0%| F|  |TAMS 0x00000000ea600000, 0x00000000ea600000| Untracked 
| 167|0x00000000ea700000, 0x00000000ea700000, 0x00000000ea800000|  0%| F|  |TAMS 0x00000000ea700000, 0x00000000ea700000| Untracked 
| 168|0x00000000ea800000, 0x00000000ea800000, 0x00000000ea900000|  0%| F|  |TAMS 0x00000000ea800000, 0x00000000ea800000| Untracked 
| 169|0x00000000ea900000, 0x00000000ea900000, 0x00000000eaa00000|  0%| F|  |TAMS 0x00000000ea900000, 0x00000000ea900000| Untracked 
| 170|0x00000000eaa00000, 0x00000000eaa00000, 0x00000000eab00000|  0%| F|  |TAMS 0x00000000eaa00000, 0x00000000eaa00000| Untracked 
| 171|0x00000000eab00000, 0x00000000eab00000, 0x00000000eac00000|  0%| F|  |TAMS 0x00000000eab00000, 0x00000000eab00000| Untracked 
| 172|0x00000000eac00000, 0x00000000eac00000, 0x00000000ead00000|  0%| F|  |TAMS 0x00000000eac00000, 0x00000000eac00000| Untracked 
| 173|0x00000000ead00000, 0x00000000ead00000, 0x00000000eae00000|  0%| F|  |TAMS 0x00000000ead00000, 0x00000000ead00000| Untracked 
| 174|0x00000000eae00000, 0x00000000eae00000, 0x00000000eaf00000|  0%| F|  |TAMS 0x00000000eae00000, 0x00000000eae00000| Untracked 
| 175|0x00000000eaf00000, 0x00000000eaf00000, 0x00000000eb000000|  0%| F|  |TAMS 0x00000000eaf00000, 0x00000000eaf00000| Untracked 
| 176|0x00000000eb000000, 0x00000000eb000000, 0x00000000eb100000|  0%| F|  |TAMS 0x00000000eb000000, 0x00000000eb000000| Untracked 
| 177|0x00000000eb100000, 0x00000000eb100000, 0x00000000eb200000|  0%| F|  |TAMS 0x00000000eb100000, 0x00000000eb100000| Untracked 
| 178|0x00000000eb200000, 0x00000000eb200000, 0x00000000eb300000|  0%| F|  |TAMS 0x00000000eb200000, 0x00000000eb200000| Untracked 
| 179|0x00000000eb300000, 0x00000000eb300000, 0x00000000eb400000|  0%| F|  |TAMS 0x00000000eb300000, 0x00000000eb300000| Untracked 
| 180|0x00000000eb400000, 0x00000000eb400000, 0x00000000eb500000|  0%| F|  |TAMS 0x00000000eb400000, 0x00000000eb400000| Untracked 
| 181|0x00000000eb500000, 0x00000000eb500000, 0x00000000eb600000|  0%| F|  |TAMS 0x00000000eb500000, 0x00000000eb500000| Untracked 
| 182|0x00000000eb600000, 0x00000000eb600000, 0x00000000eb700000|  0%| F|  |TAMS 0x00000000eb600000, 0x00000000eb600000| Untracked 
| 183|0x00000000eb700000, 0x00000000eb700000, 0x00000000eb800000|  0%| F|  |TAMS 0x00000000eb700000, 0x00000000eb700000| Untracked 
| 184|0x00000000eb800000, 0x00000000eb800000, 0x00000000eb900000|  0%| F|  |TAMS 0x00000000eb800000, 0x00000000eb800000| Untracked 
| 185|0x00000000eb900000, 0x00000000eb900000, 0x00000000eba00000|  0%| F|  |TAMS 0x00000000eb900000, 0x00000000eb900000| Untracked 
| 186|0x00000000eba00000, 0x00000000eba00000, 0x00000000ebb00000|  0%| F|  |TAMS 0x00000000eba00000, 0x00000000eba00000| Untracked 
| 187|0x00000000ebb00000, 0x00000000ebb00000, 0x00000000ebc00000|  0%| F|  |TAMS 0x00000000ebb00000, 0x00000000ebb00000| Untracked 
| 188|0x00000000ebc00000, 0x00000000ebc00000, 0x00000000ebd00000|  0%| F|  |TAMS 0x00000000ebc00000, 0x00000000ebc00000| Untracked 
| 189|0x00000000ebd00000, 0x00000000ebd00000, 0x00000000ebe00000|  0%| F|  |TAMS 0x00000000ebd00000, 0x00000000ebd00000| Untracked 
| 190|0x00000000ebe00000, 0x00000000ebe00000, 0x00000000ebf00000|  0%| F|  |TAMS 0x00000000ebe00000, 0x00000000ebe00000| Untracked 
| 191|0x00000000ebf00000, 0x00000000ebf00000, 0x00000000ec000000|  0%| F|  |TAMS 0x00000000ebf00000, 0x00000000ebf00000| Untracked 
| 192|0x00000000ec000000, 0x00000000ec000000, 0x00000000ec100000|  0%| F|  |TAMS 0x00000000ec000000, 0x00000000ec000000| Untracked 
| 193|0x00000000ec100000, 0x00000000ec100000, 0x00000000ec200000|  0%| F|  |TAMS 0x00000000ec100000, 0x00000000ec100000| Untracked 
| 194|0x00000000ec200000, 0x00000000ec200000, 0x00000000ec300000|  0%| F|  |TAMS 0x00000000ec200000, 0x00000000ec200000| Untracked 
| 195|0x00000000ec300000, 0x00000000ec300000, 0x00000000ec400000|  0%| F|  |TAMS 0x00000000ec300000, 0x00000000ec300000| Untracked 
| 196|0x00000000ec400000, 0x00000000ec400000, 0x00000000ec500000|  0%| F|  |TAMS 0x00000000ec400000, 0x00000000ec400000| Untracked 
| 197|0x00000000ec500000, 0x00000000ec500000, 0x00000000ec600000|  0%| F|  |TAMS 0x00000000ec500000, 0x00000000ec500000| Untracked 
| 198|0x00000000ec600000, 0x00000000ec600000, 0x00000000ec700000|  0%| F|  |TAMS 0x00000000ec600000, 0x00000000ec600000| Untracked 
| 199|0x00000000ec700000, 0x00000000ec700000, 0x00000000ec800000|  0%| F|  |TAMS 0x00000000ec700000, 0x00000000ec700000| Untracked 
| 200|0x00000000ec800000, 0x00000000ec800000, 0x00000000ec900000|  0%| F|  |TAMS 0x00000000ec800000, 0x00000000ec800000| Untracked 
| 201|0x00000000ec900000, 0x00000000ec900000, 0x00000000eca00000|  0%| F|  |TAMS 0x00000000ec900000, 0x00000000ec900000| Untracked 
| 202|0x00000000eca00000, 0x00000000eca81b08, 0x00000000ecb00000| 50%| E|  |TAMS 0x00000000eca00000, 0x00000000eca00000| Complete 
| 203|0x00000000ecb00000, 0x00000000ecc00000, 0x00000000ecc00000|100%| E|CS|TAMS 0x00000000ecb00000, 0x00000000ecb00000| Complete 
| 204|0x00000000ecc00000, 0x00000000ecd00000, 0x00000000ecd00000|100%| E|CS|TAMS 0x00000000ecc00000, 0x00000000ecc00000| Complete 
| 205|0x00000000ecd00000, 0x00000000ece00000, 0x00000000ece00000|100%| E|CS|TAMS 0x00000000ecd00000, 0x00000000ecd00000| Complete 
| 206|0x00000000ece00000, 0x00000000ecf00000, 0x00000000ecf00000|100%| E|CS|TAMS 0x00000000ece00000, 0x00000000ece00000| Complete 
| 207|0x00000000ecf00000, 0x00000000ed000000, 0x00000000ed000000|100%| E|CS|TAMS 0x00000000ecf00000, 0x00000000ecf00000| Complete 
| 208|0x00000000ed000000, 0x00000000ed100000, 0x00000000ed100000|100%| E|CS|TAMS 0x00000000ed000000, 0x00000000ed000000| Complete 
| 209|0x00000000ed100000, 0x00000000ed200000, 0x00000000ed200000|100%| E|CS|TAMS 0x00000000ed100000, 0x00000000ed100000| Complete 
| 210|0x00000000ed200000, 0x00000000ed300000, 0x00000000ed300000|100%| E|CS|TAMS 0x00000000ed200000, 0x00000000ed200000| Complete 
| 211|0x00000000ed300000, 0x00000000ed400000, 0x00000000ed400000|100%| E|CS|TAMS 0x00000000ed300000, 0x00000000ed300000| Complete 
| 212|0x00000000ed400000, 0x00000000ed500000, 0x00000000ed500000|100%| E|CS|TAMS 0x00000000ed400000, 0x00000000ed400000| Complete 
| 213|0x00000000ed500000, 0x00000000ed600000, 0x00000000ed600000|100%| E|CS|TAMS 0x00000000ed500000, 0x00000000ed500000| Complete 
| 214|0x00000000ed600000, 0x00000000ed700000, 0x00000000ed700000|100%| E|CS|TAMS 0x00000000ed600000, 0x00000000ed600000| Complete 
| 215|0x00000000ed700000, 0x00000000ed800000, 0x00000000ed800000|100%| E|CS|TAMS 0x00000000ed700000, 0x00000000ed700000| Complete 
| 216|0x00000000ed800000, 0x00000000ed900000, 0x00000000ed900000|100%| E|CS|TAMS 0x00000000ed800000, 0x00000000ed800000| Complete 
| 217|0x00000000ed900000, 0x00000000eda00000, 0x00000000eda00000|100%| E|CS|TAMS 0x00000000ed900000, 0x00000000ed900000| Complete 
| 218|0x00000000eda00000, 0x00000000edb00000, 0x00000000edb00000|100%| E|CS|TAMS 0x00000000eda00000, 0x00000000eda00000| Complete 
| 219|0x00000000edb00000, 0x00000000edc00000, 0x00000000edc00000|100%| E|CS|TAMS 0x00000000edb00000, 0x00000000edb00000| Complete 
| 220|0x00000000edc00000, 0x00000000edd00000, 0x00000000edd00000|100%| E|CS|TAMS 0x00000000edc00000, 0x00000000edc00000| Complete 
| 221|0x00000000edd00000, 0x00000000ede00000, 0x00000000ede00000|100%| E|CS|TAMS 0x00000000edd00000, 0x00000000edd00000| Complete 
| 222|0x00000000ede00000, 0x00000000edf00000, 0x00000000edf00000|100%| E|CS|TAMS 0x00000000ede00000, 0x00000000ede00000| Complete 
| 223|0x00000000edf00000, 0x00000000ee000000, 0x00000000ee000000|100%| E|CS|TAMS 0x00000000edf00000, 0x00000000edf00000| Complete 
| 224|0x00000000ee000000, 0x00000000ee100000, 0x00000000ee100000|100%| E|CS|TAMS 0x00000000ee000000, 0x00000000ee000000| Complete 
| 225|0x00000000ee100000, 0x00000000ee200000, 0x00000000ee200000|100%| E|CS|TAMS 0x00000000ee100000, 0x00000000ee100000| Complete 
| 226|0x00000000ee200000, 0x00000000ee300000, 0x00000000ee300000|100%| E|CS|TAMS 0x00000000ee200000, 0x00000000ee200000| Complete 
| 227|0x00000000ee300000, 0x00000000ee3b4390, 0x00000000ee400000| 70%| S|CS|TAMS 0x00000000ee300000, 0x00000000ee300000| Complete 
| 228|0x00000000ee400000, 0x00000000ee500000, 0x00000000ee500000|100%| E|CS|TAMS 0x00000000ee400000, 0x00000000ee400000| Complete 
| 229|0x00000000ee500000, 0x00000000ee600000, 0x00000000ee600000|100%| E|CS|TAMS 0x00000000ee500000, 0x00000000ee500000| Complete 
| 230|0x00000000ee600000, 0x00000000ee700000, 0x00000000ee700000|100%| E|CS|TAMS 0x00000000ee600000, 0x00000000ee600000| Complete 
| 231|0x00000000ee700000, 0x00000000ee800000, 0x00000000ee800000|100%| E|CS|TAMS 0x00000000ee700000, 0x00000000ee700000| Complete 
| 232|0x00000000ee800000, 0x00000000ee900000, 0x00000000ee900000|100%| E|CS|TAMS 0x00000000ee800000, 0x00000000ee800000| Complete 
| 233|0x00000000ee900000, 0x00000000eea00000, 0x00000000eea00000|100%| E|CS|TAMS 0x00000000ee900000, 0x00000000ee900000| Complete 
| 234|0x00000000eea00000, 0x00000000eeb00000, 0x00000000eeb00000|100%| E|CS|TAMS 0x00000000eea00000, 0x00000000eea00000| Complete 
| 235|0x00000000eeb00000, 0x00000000eec00000, 0x00000000eec00000|100%| E|CS|TAMS 0x00000000eeb00000, 0x00000000eeb00000| Complete 
| 236|0x00000000eec00000, 0x00000000eed00000, 0x00000000eed00000|100%| E|CS|TAMS 0x00000000eec00000, 0x00000000eec00000| Complete 
| 237|0x00000000eed00000, 0x00000000eee00000, 0x00000000eee00000|100%| E|CS|TAMS 0x00000000eed00000, 0x00000000eed00000| Complete 
| 238|0x00000000eee00000, 0x00000000eef00000, 0x00000000eef00000|100%| E|CS|TAMS 0x00000000eee00000, 0x00000000eee00000| Complete 
| 239|0x00000000eef00000, 0x00000000ef000000, 0x00000000ef000000|100%| E|CS|TAMS 0x00000000eef00000, 0x00000000eef00000| Complete 
| 240|0x00000000ef000000, 0x00000000ef100000, 0x00000000ef100000|100%| E|CS|TAMS 0x00000000ef000000, 0x00000000ef000000| Complete 
| 241|0x00000000ef100000, 0x00000000ef200000, 0x00000000ef200000|100%| E|CS|TAMS 0x00000000ef100000, 0x00000000ef100000| Complete 
| 242|0x00000000ef200000, 0x00000000ef300000, 0x00000000ef300000|100%| E|CS|TAMS 0x00000000ef200000, 0x00000000ef200000| Complete 
| 243|0x00000000ef300000, 0x00000000ef400000, 0x00000000ef400000|100%| E|CS|TAMS 0x00000000ef300000, 0x00000000ef300000| Complete 
| 244|0x00000000ef400000, 0x00000000ef500000, 0x00000000ef500000|100%| E|CS|TAMS 0x00000000ef400000, 0x00000000ef400000| Complete 
| 245|0x00000000ef500000, 0x00000000ef600000, 0x00000000ef600000|100%| E|CS|TAMS 0x00000000ef500000, 0x00000000ef500000| Complete 
| 246|0x00000000ef600000, 0x00000000ef700000, 0x00000000ef700000|100%| E|CS|TAMS 0x00000000ef600000, 0x00000000ef600000| Complete 
| 247|0x00000000ef700000, 0x00000000ef800000, 0x00000000ef800000|100%| E|CS|TAMS 0x00000000ef700000, 0x00000000ef700000| Complete 
| 248|0x00000000ef800000, 0x00000000ef900000, 0x00000000ef900000|100%| E|CS|TAMS 0x00000000ef800000, 0x00000000ef800000| Complete 
| 249|0x00000000ef900000, 0x00000000efa00000, 0x00000000efa00000|100%| E|CS|TAMS 0x00000000ef900000, 0x00000000ef900000| Complete 
| 250|0x00000000efa00000, 0x00000000efb00000, 0x00000000efb00000|100%| E|CS|TAMS 0x00000000efa00000, 0x00000000efa00000| Complete 
| 251|0x00000000efb00000, 0x00000000efc00000, 0x00000000efc00000|100%| E|CS|TAMS 0x00000000efb00000, 0x00000000efb00000| Complete 
| 252|0x00000000efc00000, 0x00000000efd00000, 0x00000000efd00000|100%| E|CS|TAMS 0x00000000efc00000, 0x00000000efc00000| Complete 
| 253|0x00000000efd00000, 0x00000000efe00000, 0x00000000efe00000|100%| E|CS|TAMS 0x00000000efd00000, 0x00000000efd00000| Complete 
| 254|0x00000000efe00000, 0x00000000eff00000, 0x00000000eff00000|100%| E|CS|TAMS 0x00000000efe00000, 0x00000000efe00000| Complete 
| 255|0x00000000eff00000, 0x00000000f0000000, 0x00000000f0000000|100%| E|CS|TAMS 0x00000000eff00000, 0x00000000eff00000| Complete 

Card table byte_map: [0x000002f0bb940000,0x000002f0bba40000] _byte_map_base: 0x000002f0bb240000

Marking Bits (Prev, Next): (CMBitMap*) 0x000002f0a4a33d30, (CMBitMap*) 0x000002f0a4a33d70
 Prev Bits: [0x000002f0bbb40000, 0x000002f0bc340000)
 Next Bits: [0x000002f0bc340000, 0x000002f0bcb40000)

Polling page: 0x000002f0a2ba0000

Metaspace:

Usage:
  Non-class:     10.77 MB used.
      Class:      1.75 MB used.
       Both:     12.52 MB used.

Virtual space:
  Non-class space:       16.00 MB reserved,      10.94 MB ( 68%) committed,  2 nodes.
      Class space:      308.00 MB reserved,       1.88 MB ( <1%) committed,  1 nodes.
             Both:      324.00 MB reserved,      12.81 MB (  4%) committed. 

Chunk freelists:
   Non-Class:  1.11 MB
       Class:  2.09 MB
        Both:  3.20 MB

MaxMetaspaceSize: 384.00 MB
CompressedClassSpaceSize: 308.00 MB
Initial GC threshold: 21.00 MB
Current GC threshold: 21.00 MB
CDS: on
MetaspaceReclaimPolicy: balanced
 - commit_granule_bytes: 65536.
 - commit_granule_words: 8192.
 - virtual_space_node_default_size: 1048576.
 - enlarge_chunks_in_place: 1.
 - new_chunks_are_fully_committed: 0.
 - uncommit_free_chunks: 1.
 - use_allocation_guard: 0.
 - handle_deallocations: 1.


Internal statistics:

num_allocs_failed_limit: 0.
num_arena_births: 182.
num_arena_deaths: 0.
num_vsnodes_births: 3.
num_vsnodes_deaths: 0.
num_space_committed: 205.
num_space_uncommitted: 0.
num_chunks_returned_to_freelist: 0.
num_chunks_taken_from_freelist: 569.
num_chunk_merges: 0.
num_chunk_splits: 382.
num_chunks_enlarged: 286.
num_purges: 0.
num_inconsistent_stats: 0.

CodeHeap 'non-profiled nmethods': size=120000Kb used=1033Kb max_used=1033Kb free=118966Kb
 bounds [0x000002f0b3fe0000, 0x000002f0b4250000, 0x000002f0bb510000]
CodeHeap 'profiled nmethods': size=120000Kb used=4310Kb max_used=4310Kb free=115689Kb
 bounds [0x000002f0ac510000, 0x000002f0ac950000, 0x000002f0b3a40000]
CodeHeap 'non-nmethods': size=5760Kb used=1209Kb max_used=1239Kb free=4550Kb
 bounds [0x000002f0b3a40000, 0x000002f0b3cb0000, 0x000002f0b3fe0000]
 total_blobs=2672 nmethods=2155 adapters=430
 compilation: enabled
              stopped_count=0, restarted_count=0
 full_count=0

Compilation events (20 events):
Event: 6.501 Thread 0x000002f0bf55ca10 2136       3       java.util.LinkedList::listIterator (15 bytes)
Event: 6.502 Thread 0x000002f0bf55ca10 nmethod 2136 0x000002f0ac936b10 code [0x000002f0ac936d00, 0x000002f0ac937168]
Event: 6.502 Thread 0x000002f0bf55ca10 2139       3       java.lang.AbstractStringBuilder::<init> (63 bytes)
Event: 6.503 Thread 0x000002f0bf55ca10 nmethod 2139 0x000002f0ac937310 code [0x000002f0ac937500, 0x000002f0ac937a98]
Event: 6.503 Thread 0x000002f0bf55ca10 2138       3       sun.reflect.generics.parser.SignatureParser::make (8 bytes)
Event: 6.503 Thread 0x000002f0bf55ca10 nmethod 2138 0x000002f0ac937c90 code [0x000002f0ac937e40, 0x000002f0ac938038]
Event: 6.503 Thread 0x000002f0bf55ca10 2140       3       jdk.internal.reflect.ByteVectorImpl::getLength (7 bytes)
Event: 6.503 Thread 0x000002f0bf55ca10 nmethod 2140 0x000002f0ac938110 code [0x000002f0ac9382a0, 0x000002f0ac9383b8]
Event: 6.503 Thread 0x000002f0bf55ca10 2137       1       org.gradle.internal.service.DefaultServiceRegistry$SingletonService::getServiceType (5 bytes)
Event: 6.504 Thread 0x000002f0bf55ca10 nmethod 2137 0x000002f0b40e1710 code [0x000002f0b40e18a0, 0x000002f0b40e1978]
Event: 6.504 Thread 0x000002f0bf55ca10 2141       3       java.lang.PublicMethods$MethodList::<init> (10 bytes)
Event: 6.504 Thread 0x000002f0bf55ca10 nmethod 2141 0x000002f0ac938490 code [0x000002f0ac938620, 0x000002f0ac9387d8]
Event: 6.508 Thread 0x000002f0bf55ca10 2142       3       java.nio.ByteBuffer::<init> (47 bytes)
Event: 6.508 Thread 0x000002f0bf55ca10 nmethod 2142 0x000002f0ac938890 code [0x000002f0ac938a40, 0x000002f0ac938c68]
Event: 6.510 Thread 0x000002f0bf55ca10 2143       3       java.lang.System$2::getAnnotationType (5 bytes)
Event: 6.511 Thread 0x000002f0bf55ca10 nmethod 2143 0x000002f0ac938d90 code [0x000002f0ac938f20, 0x000002f0ac939058]
Event: 6.511 Thread 0x000002f0bf55ca10 2144       3       java.lang.reflect.Method::getRoot (5 bytes)
Event: 6.511 Thread 0x000002f0bf55ca10 nmethod 2144 0x000002f0ac939110 code [0x000002f0ac9392a0, 0x000002f0ac9393b8]
Event: 6.516 Thread 0x000002f0bf55ca10 2145       3       java.util.AbstractSequentialList::iterator (5 bytes)
Event: 6.517 Thread 0x000002f0bf55ca10 nmethod 2145 0x000002f0ac939490 code [0x000002f0ac939680, 0x000002f0ac939c08]

GC Heap History (4 events):
Event: 1.738 GC heap before
{Heap before GC invocations=0 (full 0):
 garbage-first heap   total 262144K, used 26624K [0x00000000e0000000, 0x0000000100000000)
  region size 1024K, 23 young (23552K), 0 survivors (0K)
 Metaspace       used 3084K, committed 3200K, reserved 323584K
  class space    used 394K, committed 448K, reserved 315392K
}
Event: 1.753 GC heap after
{Heap after GC invocations=1 (full 0):
 garbage-first heap   total 262144K, used 10775K [0x00000000e0000000, 0x0000000100000000)
  region size 1024K, 3 young (3072K), 3 survivors (3072K)
 Metaspace       used 3084K, committed 3200K, reserved 323584K
  class space    used 394K, committed 448K, reserved 315392K
}
Event: 2.935 GC heap before
{Heap before GC invocations=1 (full 0):
 garbage-first heap   total 262144K, used 36375K [0x00000000e0000000, 0x0000000100000000)
  region size 1024K, 28 young (28672K), 3 survivors (3072K)
 Metaspace       used 4019K, committed 4160K, reserved 323584K
  class space    used 491K, committed 576K, reserved 315392K
}
Event: 2.940 GC heap after
{Heap after GC invocations=2 (full 0):
 garbage-first heap   total 262144K, used 11732K [0x00000000e0000000, 0x0000000100000000)
  region size 1024K, 1 young (1024K), 1 survivors (1024K)
 Metaspace       used 4019K, committed 4160K, reserved 323584K
  class space    used 491K, committed 576K, reserved 315392K
}

Dll operation events (14 events):
Event: 0.032 Loaded shared library C:\Users\hp\.jdks\corretto-17.0.6\bin\java.dll
Event: 0.057 Loaded shared library C:\Users\hp\.jdks\corretto-17.0.6\bin\jsvml.dll
Event: 0.211 Loaded shared library C:\Users\hp\.jdks\corretto-17.0.6\bin\zip.dll
Event: 0.219 Loaded shared library C:\Users\hp\.jdks\corretto-17.0.6\bin\instrument.dll
Event: 0.235 Loaded shared library C:\Users\hp\.jdks\corretto-17.0.6\bin\net.dll
Event: 0.241 Loaded shared library C:\Users\hp\.jdks\corretto-17.0.6\bin\nio.dll
Event: 0.252 Loaded shared library C:\Users\hp\.jdks\corretto-17.0.6\bin\zip.dll
Event: 0.807 Loaded shared library C:\Users\hp\.jdks\corretto-17.0.6\bin\jimage.dll
Event: 0.996 Loaded shared library C:\Users\hp\.jdks\corretto-17.0.6\bin\verify.dll
Event: 1.439 Loaded shared library C:\Users\hp\.gradle\native\68d5fa5c4cc2d200863cafc0d521ce42e7d3e7ee720ec0a83991735586a16f82\windows-amd64\native-platform.dll
Event: 1.462 Loaded shared library C:\Users\hp\.gradle\native\e376f236ea51e6404a007f0833ffe2c6e607c4080706a723a18a27aeea778392\windows-amd64\native-platform-file-events.dll
Event: 3.883 Loaded shared library C:\Users\hp\.jdks\corretto-17.0.6\bin\management.dll
Event: 3.892 Loaded shared library C:\Users\hp\.jdks\corretto-17.0.6\bin\management_ext.dll
Event: 5.430 Loaded shared library C:\Users\hp\.jdks\corretto-17.0.6\bin\sunmscapi.dll

Deoptimization events (20 events):
Event: 5.638 Thread 0x000002f0c1813fb0 Uncommon trap: trap_request=0xffffff45 fr.pc=0x000002f0b405953c relative=0x00000000000009fc
Event: 5.638 Thread 0x000002f0c1813fb0 Uncommon trap: reason=unstable_if action=reinterpret pc=0x000002f0b405953c method=java.util.regex.Matcher.reset()Ljava/util/regex/Matcher; @ 47 c2
Event: 5.638 Thread 0x000002f0c1813fb0 DEOPT PACKING pc=0x000002f0b405953c sp=0x000000f9bc4fdfc0
Event: 5.638 Thread 0x000002f0c1813fb0 DEOPT UNPACKING pc=0x000002f0b3a969a3 sp=0x000000f9bc4fdf08 mode 2
Event: 5.638 Thread 0x000002f0c1813fb0 Uncommon trap: trap_request=0xffffff45 fr.pc=0x000002f0b3ffd614 relative=0x0000000000000434
Event: 5.638 Thread 0x000002f0c1813fb0 Uncommon trap: reason=unstable_if action=reinterpret pc=0x000002f0b3ffd614 method=java.util.regex.Matcher.match(II)Z @ 76 c2
Event: 5.638 Thread 0x000002f0c1813fb0 DEOPT PACKING pc=0x000002f0b3ffd614 sp=0x000000f9bc4fdfc0
Event: 5.638 Thread 0x000002f0c1813fb0 DEOPT UNPACKING pc=0x000002f0b3a969a3 sp=0x000000f9bc4fdf90 mode 2
Event: 5.654 Thread 0x000002f0c1813fb0 DEOPT PACKING pc=0x000002f0ac615eb8 sp=0x000000f9bc4f8a70
Event: 5.654 Thread 0x000002f0c1813fb0 DEOPT UNPACKING pc=0x000002f0b3a97143 sp=0x000000f9bc4f7f88 mode 0
Event: 5.692 Thread 0x000002f0c120ec20 Uncommon trap: trap_request=0xffffff45 fr.pc=0x000002f0b40b4d10 relative=0x00000000000012f0
Event: 5.692 Thread 0x000002f0c120ec20 Uncommon trap: reason=unstable_if action=reinterpret pc=0x000002f0b40b4d10 method=java.util.concurrent.ConcurrentHashMap.putVal(Ljava/lang/Object;Ljava/lang/Object;Z)Ljava/lang/Object; @ 256 c2
Event: 5.693 Thread 0x000002f0c120ec20 DEOPT PACKING pc=0x000002f0b40b4d10 sp=0x000000f9bc6feae0
Event: 5.693 Thread 0x000002f0c120ec20 DEOPT UNPACKING pc=0x000002f0b3a969a3 sp=0x000000f9bc6fea58 mode 2
Event: 5.693 Thread 0x000002f0c120ec20 DEOPT PACKING pc=0x000002f0ac5b47e5 sp=0x000000f9bc6feb70
Event: 5.693 Thread 0x000002f0c120ec20 DEOPT UNPACKING pc=0x000002f0b3a97143 sp=0x000000f9bc6fdfe8 mode 0
Event: 6.074 Thread 0x000002f0c120ec20 Uncommon trap: trap_request=0xffffff45 fr.pc=0x000002f0b40a7008 relative=0x0000000000000268
Event: 6.074 Thread 0x000002f0c120ec20 Uncommon trap: reason=unstable_if action=reinterpret pc=0x000002f0b40a7008 method=java.util.concurrent.ConcurrentHashMap.get(Ljava/lang/Object;)Ljava/lang/Object; @ 76 c2
Event: 6.074 Thread 0x000002f0c120ec20 DEOPT PACKING pc=0x000002f0b40a7008 sp=0x000000f9bc6fb4c0
Event: 6.074 Thread 0x000002f0c120ec20 DEOPT UNPACKING pc=0x000002f0b3a969a3 sp=0x000000f9bc6fb428 mode 2

Classes unloaded (0 events):
No events

Classes redefined (0 events):
No events

Internal exceptions (20 events):
Event: 1.381 Thread 0x000002f0a4a05f60 Exception <a 'java/lang/NoSuchMethodError'{0x00000000eedaf1b0}: 'java.lang.Object java.lang.invoke.Invokers$Holder.invokeExact_MT(java.lang.Object, java.lang.Object, java.lang.Object, java.lang.Object)'> (0x00000000eedaf1b0) 
thrown [s\src\hotspot\share\interpreter\linkResolver.cpp, line 759]
Event: 2.039 Thread 0x000002f0a4a05f60 Exception <a 'java/lang/NoSuchMethodError'{0x00000000efb62e90}: 'void java.lang.invoke.DirectMethodHandle$Holder.invokeInterface(java.lang.Object, java.lang.Object, java.lang.Object)'> (0x00000000efb62e90) 
thrown [s\src\hotspot\share\interpreter\linkResolver.cpp, line 759]
Event: 3.877 Thread 0x000002f0a4a05f60 Exception <a 'java/lang/NoSuchMethodError'{0x00000000eeea6a10}: 'java.lang.Object java.lang.invoke.DirectMethodHandle$Holder.invokeStaticInit(java.lang.Object)'> (0x00000000eeea6a10) 
thrown [s\src\hotspot\share\interpreter\linkResolver.cpp, line 759]
Event: 3.939 Thread 0x000002f0a4a05f60 Exception <a 'java/lang/NoSuchMethodError'{0x00000000eed2fba8}: 'java.lang.Object java.lang.invoke.DirectMethodHandle$Holder.invokeInterface(java.lang.Object, java.lang.Object)'> (0x00000000eed2fba8) 
thrown [s\src\hotspot\share\interpreter\linkResolver.cpp, line 759]
Event: 4.264 Thread 0x000002f0a4a05f60 Exception <a 'java/lang/NoSuchMethodError'{0x00000000ee7658d0}: 'java.lang.Object java.lang.invoke.DirectMethodHandle$Holder.invokeStaticInit(java.lang.Object, int, int, int, int)'> (0x00000000ee7658d0) 
thrown [s\src\hotspot\share\interpreter\linkResolver.cpp, line 759]
Event: 4.606 Thread 0x000002f0a4a05f60 Exception <a 'java/lang/NoSuchMethodError'{0x00000000ee669ae8}: 'java.lang.Object java.lang.invoke.DirectMethodHandle$Holder.invokeStaticInit(java.lang.Object, java.lang.Object, int, int, int, int)'> (0x00000000ee669ae8) 
thrown [s\src\hotspot\share\interpreter\linkResolver.cpp, line 759]
Event: 5.113 Thread 0x000002f0a4a05f60 Exception <a 'java/lang/NoSuchMethodError'{0x00000000ee46e330}: 'void java.lang.invoke.DirectMethodHandle$Holder.invokeStatic(java.lang.Object, java.lang.Object, java.lang.Object)'> (0x00000000ee46e330) 
thrown [s\src\hotspot\share\interpreter\linkResolver.cpp, line 759]
Event: 5.177 Thread 0x000002f0a4a05f60 Exception <a 'java/io/IOException'{0x00000000ee229888}> (0x00000000ee229888) 
thrown [s\src\hotspot\share\prims\jni.cpp, line 516]
Event: 5.806 Thread 0x000002f0c120ec20 Exception <a 'java/lang/NoSuchMethodError'{0x00000000edb9e7c8}: 'long java.lang.invoke.DirectMethodHandle$Holder.invokeInterface(java.lang.Object, java.lang.Object)'> (0x00000000edb9e7c8) 
thrown [s\src\hotspot\share\interpreter\linkResolver.cpp, line 759]
Event: 5.818 Thread 0x000002f0c120ec20 Exception <a 'java/lang/NoSuchMethodError'{0x00000000edbd6370}: 'java.lang.Object java.lang.invoke.DirectMethodHandle$Holder.invokeVirtual(java.lang.Object, java.lang.Object, java.lang.Object)'> (0x00000000edbd6370) 
thrown [s\src\hotspot\share\interpreter\linkResolver.cpp, line 759]
Event: 5.966 Thread 0x000002f0c120ec20 Exception <a 'java/lang/NoSuchMethodError'{0x00000000ed77e938}: 'void java.lang.invoke.DirectMethodHandle$Holder.invokeStatic(java.lang.Object, java.lang.Object)'> (0x00000000ed77e938) 
thrown [s\src\hotspot\share\interpreter\linkResolver.cpp, line 759]
Event: 6.054 Thread 0x000002f0c120ec20 Exception <a 'java/lang/NoSuchMethodError'{0x00000000ed529208}: 'java.lang.Object java.lang.invoke.DirectMethodHandle$Holder.newInvokeSpecial(java.lang.Object, java.lang.Object, java.lang.Object, java.lang.Object, java.lang.Object)'> (0x00000000ed529208) 
thrown [s\src\hotspot\share\interpreter\linkResolver.cpp, line 759]
Event: 6.157 Thread 0x000002f0c120ec20 Exception <a 'java/lang/NoSuchMethodError'{0x00000000ed34ee00}: 'void java.lang.invoke.DirectMethodHandle$Holder.invokeSpecial(java.lang.Object, java.lang.Object, java.lang.Object)'> (0x00000000ed34ee00) 
thrown [s\src\hotspot\share\interpreter\linkResolver.cpp, line 759]
Event: 6.199 Thread 0x000002f0c120ec20 Exception <a 'java/lang/NoSuchMethodError'{0x00000000ed3fb038}: 'java.lang.Object java.lang.invoke.DirectMethodHandle$Holder.newInvokeSpecial(java.lang.Object, java.lang.Object, java.lang.Object, java.lang.Object, java.lang.Object, java.lang.Object)'> (0x00000000ed3fb038) 
thrown [s\src\hotspot\share\interpreter\linkResolver.cpp, line 759]
Event: 6.205 Thread 0x000002f0c120ec20 Exception <a 'java/lang/NoSuchMethodError'{0x00000000ed213098}: 'void java.lang.invoke.DirectMethodHandle$Holder.invokeSpecial(java.lang.Object, java.lang.Object, java.lang.Object, java.lang.Object, java.lang.Object)'> (0x00000000ed213098) 
thrown [s\src\hotspot\share\interpreter\linkResolver.cpp, line 759]
Event: 6.208 Thread 0x000002f0c120ec20 Exception <a 'java/lang/NoSuchMethodError'{0x00000000ed226ea0}: 'void java.lang.invoke.DirectMethodHandle$Holder.invokeStaticInit(java.lang.Object, java.lang.Object)'> (0x00000000ed226ea0) 
thrown [s\src\hotspot\share\interpreter\linkResolver.cpp, line 759]
Event: 6.349 Thread 0x000002f0c120ec20 Exception <a 'java/lang/NoSuchMethodError'{0x00000000ed0efa38}: 'void java.lang.invoke.DelegatingMethodHandle$Holder.reinvoke_L(java.lang.Object, java.lang.Object, java.lang.Object, java.lang.Object, java.lang.Object, java.lang.Object, java.lang.Object, java.lang.Object, java.lang.Object, java.lang.Object)'> (0x00000000ed0efa38) 
thrown [s\src\hotspot\share\interpreter\linkResolver.cpp, line 759]
Event: 6.351 Thread 0x000002f0c120ec20 Exception <a 'java/lang/NoSuchMethodError'{0x00000000ed0f7ea8}: 'java.lang.Object java.lang.invoke.DirectMethodHandle$Holder.invokeSpecial(java.lang.Object, java.lang.Object, java.lang.Object, java.lang.Object, java.lang.Object, java.lang.Object, java.lang.Object, java.lang.Object, java.lang.Object, java.lang.Object)'> (0x00000000ed0f7ea8) 
thrown [s\src\hotspot\share\interpreter\linkResolver.cpp, line 759]
Event: 6.352 Thread 0x000002f0c120ec20 Exception <a 'java/lang/NoSuchMethodError'{0x00000000ed0fc778}: 'java.lang.Object java.lang.invoke.Invokers$Holder.invoker(java.lang.Object, java.lang.Object, java.lang.Object, java.lang.Object, java.lang.Object, java.lang.Object, java.lang.Object, java.lang.Object, java.lang.Object, java.lang.Object)'> (0x00000000ed0fc778) 
thrown [s\src\hotspot\share\interpreter\linkResolver.cpp, line 759]
Event: 6.353 Thread 0x000002f0c120ec20 Exception <a 'java/lang/NoSuchMethodError'{0x00000000ecf029b0}: 'java.lang.Object java.lang.invoke.DirectMethodHandle$Holder.invokeSpecial(java.lang.Object, java.lang.Object, java.lang.Object, java.lang.Object, java.lang.Object, java.lang.Object, java.lang.Object, java.lang.Object, java.lang.Object, java.lang.Object, java.lang.Object)'> (0x00000000ecf029b0) 
thrown [s\src\hotspot\share\interpreter\linkResolver.cpp, line 759]

VM Operations (20 events):
Event: 3.932 Executing VM operation: HandshakeAllThreads
Event: 3.932 Executing VM operation: HandshakeAllThreads done
Event: 4.074 Executing VM operation: HandshakeAllThreads
Event: 4.074 Executing VM operation: HandshakeAllThreads done
Event: 4.074 Executing VM operation: Cleanup
Event: 4.074 Executing VM operation: Cleanup done
Event: 4.227 Executing VM operation: HandshakeAllThreads
Event: 4.227 Executing VM operation: HandshakeAllThreads done
Event: 4.437 Executing VM operation: HandshakeAllThreads
Event: 4.437 Executing VM operation: HandshakeAllThreads done
Event: 5.109 Executing VM operation: HandshakeAllThreads
Event: 5.109 Executing VM operation: HandshakeAllThreads done
Event: 5.109 Executing VM operation: Cleanup
Event: 5.110 Executing VM operation: Cleanup done
Event: 5.372 Executing VM operation: HandshakeAllThreads
Event: 5.372 Executing VM operation: HandshakeAllThreads done
Event: 6.288 Executing VM operation: HandshakeAllThreads
Event: 6.288 Executing VM operation: HandshakeAllThreads done
Event: 6.288 Executing VM operation: Cleanup
Event: 6.288 Executing VM operation: Cleanup done

Events (20 events):
Event: 6.073 loading class jdk/internal/vm/annotation/IntrinsicCandidate
Event: 6.074 loading class jdk/internal/vm/annotation/IntrinsicCandidate done
Event: 6.078 loading class java/util/stream/MatchOps$MatchKind
Event: 6.079 loading class java/util/stream/MatchOps$MatchKind done
Event: 6.079 loading class java/util/stream/MatchOps
Event: 6.080 loading class java/util/stream/MatchOps done
Event: 6.080 loading class java/util/stream/MatchOps$MatchOp
Event: 6.080 loading class java/util/stream/MatchOps$MatchOp done
Event: 6.080 loading class java/util/stream/MatchOps$BooleanTerminalSink
Event: 6.080 loading class java/util/stream/MatchOps$BooleanTerminalSink done
Event: 6.082 loading class java/util/stream/MatchOps$1MatchSink
Event: 6.083 loading class java/util/stream/MatchOps$1MatchSink done
Event: 6.243 loading class java/util/ConcurrentModificationException
Event: 6.243 loading class java/util/ConcurrentModificationException done
Event: 6.246 loading class java/lang/invoke/MethodHandle$1
Event: 6.246 loading class java/lang/invoke/MethodHandle$1 done
Event: 6.292 loading class sun/reflect/generics/scope/ConstructorScope
Event: 6.292 loading class sun/reflect/generics/scope/ConstructorScope done
Event: 6.292 loading class sun/reflect/generics/tree/VoidDescriptor
Event: 6.293 loading class sun/reflect/generics/tree/VoidDescriptor done


Dynamic libraries:
0x00007ff6e0050000 - 0x00007ff6e005d000 	C:\Users\hp\.jdks\corretto-17.0.6\bin\java.exe
0x00007ff88a0d0000 - 0x00007ff88a2c8000 	C:\Windows\SYSTEM32\ntdll.dll
0x00007ff8893e0000 - 0x00007ff88949d000 	C:\Windows\System32\KERNEL32.DLL
0x00007ff887860000 - 0x00007ff887b56000 	C:\Windows\System32\KERNELBASE.dll
0x00007ff887ee0000 - 0x00007ff887fe0000 	C:\Windows\System32\ucrtbase.dll
0x00007ff86e880000 - 0x00007ff86e895000 	C:\Users\hp\.jdks\corretto-17.0.6\bin\VCRUNTIME140.dll
0x00007ff874d30000 - 0x00007ff874d47000 	C:\Users\hp\.jdks\corretto-17.0.6\bin\jli.dll
0x00007ff888dc0000 - 0x00007ff888f5e000 	C:\Windows\System32\USER32.dll
0x00007ff887d50000 - 0x00007ff887d72000 	C:\Windows\System32\win32u.dll
0x00007ff888970000 - 0x00007ff88899c000 	C:\Windows\System32\GDI32.dll
0x00007ff887fe0000 - 0x00007ff8880fa000 	C:\Windows\System32\gdi32full.dll
0x00007ff887bd0000 - 0x00007ff887c6d000 	C:\Windows\System32\msvcp_win.dll
0x00007ff851480000 - 0x00007ff85171a000 	C:\Windows\WinSxS\amd64_microsoft.windows.common-controls_6595b64144ccf1df_6.0.19041.1110_none_60b5254171f9507e\COMCTL32.dll
0x00007ff889320000 - 0x00007ff8893be000 	C:\Windows\System32\msvcrt.dll
0x00007ff888d90000 - 0x00007ff888dc0000 	C:\Windows\System32\IMM32.DLL
0x00007ff82b140000 - 0x00007ff82b1db000 	C:\Users\hp\.jdks\corretto-17.0.6\bin\msvcp140.dll
0x00007ff80cf90000 - 0x00007ff80dba8000 	C:\Users\hp\.jdks\corretto-17.0.6\bin\server\jvm.dll
0x00007ff888c80000 - 0x00007ff888d2e000 	C:\Windows\System32\ADVAPI32.dll
0x00007ff8881b0000 - 0x00007ff88824c000 	C:\Windows\System32\sechost.dll
0x00007ff889640000 - 0x00007ff889766000 	C:\Windows\System32\RPCRT4.dll
0x00007ff8816c0000 - 0x00007ff8816ca000 	C:\Windows\SYSTEM32\VERSION.dll
0x00007ff871650000 - 0x00007ff871677000 	C:\Windows\SYSTEM32\WINMM.dll
0x00007ff847240000 - 0x00007ff847249000 	C:\Windows\SYSTEM32\WSOCK32.dll
0x00007ff889840000 - 0x00007ff8898ab000 	C:\Windows\System32\WS2_32.dll
0x00007ff8855d0000 - 0x00007ff8855e2000 	C:\Windows\SYSTEM32\kernel.appcore.dll
0x00007ff874cd0000 - 0x00007ff874cda000 	C:\Users\hp\.jdks\corretto-17.0.6\bin\jimage.dll
0x00007ff875d90000 - 0x00007ff875f74000 	C:\Windows\SYSTEM32\DBGHELP.DLL
0x00007ff86e970000 - 0x00007ff86e9a4000 	C:\Windows\SYSTEM32\dbgcore.DLL
0x00007ff8877d0000 - 0x00007ff887852000 	C:\Windows\System32\bcryptPrimitives.dll
0x00007ff86e870000 - 0x00007ff86e87e000 	C:\Users\hp\.jdks\corretto-17.0.6\bin\instrument.dll
0x00007ff845440000 - 0x00007ff845465000 	C:\Users\hp\.jdks\corretto-17.0.6\bin\java.dll
0x00007ff825240000 - 0x00007ff825316000 	C:\Users\hp\.jdks\corretto-17.0.6\bin\jsvml.dll
0x00007ff8898b0000 - 0x00007ff889ff5000 	C:\Windows\System32\SHELL32.dll
0x00007ff8857d0000 - 0x00007ff885f6b000 	C:\Windows\SYSTEM32\windows.storage.dll
0x00007ff888fc0000 - 0x00007ff889314000 	C:\Windows\System32\combase.dll
0x00007ff8871c0000 - 0x00007ff8871ee000 	C:\Windows\SYSTEM32\Wldp.dll
0x00007ff889580000 - 0x00007ff88962d000 	C:\Windows\System32\SHCORE.dll
0x00007ff888f60000 - 0x00007ff888fb5000 	C:\Windows\System32\shlwapi.dll
0x00007ff8876b0000 - 0x00007ff8876d5000 	C:\Windows\SYSTEM32\profapi.dll
0x00007ff8459a0000 - 0x00007ff8459b8000 	C:\Users\hp\.jdks\corretto-17.0.6\bin\zip.dll
0x00007ff84b420000 - 0x00007ff84b439000 	C:\Users\hp\.jdks\corretto-17.0.6\bin\net.dll
0x00007ff881040000 - 0x00007ff88114a000 	C:\Windows\SYSTEM32\WINHTTP.dll
0x00007ff886f20000 - 0x00007ff886f8a000 	C:\Windows\system32\mswsock.dll
0x00007ff846230000 - 0x00007ff846245000 	C:\Users\hp\.jdks\corretto-17.0.6\bin\nio.dll
0x00007ff870bf0000 - 0x00007ff870c00000 	C:\Users\hp\.jdks\corretto-17.0.6\bin\verify.dll
0x00007ff83e8c0000 - 0x00007ff83e8e7000 	C:\Users\hp\.gradle\native\68d5fa5c4cc2d200863cafc0d521ce42e7d3e7ee720ec0a83991735586a16f82\windows-amd64\native-platform.dll
0x00007ff8258e0000 - 0x00007ff825a24000 	C:\Users\hp\.gradle\native\e376f236ea51e6404a007f0833ffe2c6e607c4080706a723a18a27aeea778392\windows-amd64\native-platform-file-events.dll
0x00007ff84b1e0000 - 0x00007ff84b1e9000 	C:\Users\hp\.jdks\corretto-17.0.6\bin\management.dll
0x00007ff847b80000 - 0x00007ff847b8b000 	C:\Users\hp\.jdks\corretto-17.0.6\bin\management_ext.dll
0x00007ff8884f0000 - 0x00007ff8884f8000 	C:\Windows\System32\PSAPI.DLL
0x00007ff887120000 - 0x00007ff887138000 	C:\Windows\SYSTEM32\CRYPTSP.dll
0x00007ff886780000 - 0x00007ff8867b4000 	C:\Windows\system32\rsaenh.dll
0x00007ff887d20000 - 0x00007ff887d47000 	C:\Windows\System32\bcrypt.dll
0x00007ff887630000 - 0x00007ff88765e000 	C:\Windows\SYSTEM32\USERENV.dll
0x00007ff887110000 - 0x00007ff88711c000 	C:\Windows\SYSTEM32\CRYPTBASE.dll
0x00007ff886ba0000 - 0x00007ff886bdb000 	C:\Windows\SYSTEM32\IPHLPAPI.DLL
0x00007ff889630000 - 0x00007ff889638000 	C:\Windows\System32\NSI.dll
0x00007ff881960000 - 0x00007ff881977000 	C:\Windows\SYSTEM32\dhcpcsvc6.DLL
0x00007ff881cf0000 - 0x00007ff881d0d000 	C:\Windows\SYSTEM32\dhcpcsvc.DLL
0x00007ff886be0000 - 0x00007ff886caa000 	C:\Windows\SYSTEM32\DNSAPI.dll
0x00007ff847740000 - 0x00007ff84774e000 	C:\Users\hp\.jdks\corretto-17.0.6\bin\sunmscapi.dll
0x00007ff887d80000 - 0x00007ff887ede000 	C:\Windows\System32\CRYPT32.dll
0x00007ff887230000 - 0x00007ff887258000 	C:\Windows\SYSTEM32\ncrypt.dll
0x00007ff8871f0000 - 0x00007ff88722b000 	C:\Windows\SYSTEM32\NTASN1.dll
0x00007ff86e800000 - 0x00007ff86e807000 	C:\Windows\system32\wshunix.dll

dbghelp: loaded successfully - version: 4.0.5 - missing functions: none
symbol engine: initialized successfully - sym options: 0x614 - pdb path: .;C:\Users\hp\.jdks\corretto-17.0.6\bin;C:\Windows\SYSTEM32;C:\Windows\WinSxS\amd64_microsoft.windows.common-controls_6595b64144ccf1df_6.0.19041.1110_none_60b5254171f9507e;C:\Users\hp\.jdks\corretto-17.0.6\bin\server;C:\Users\hp\.gradle\native\68d5fa5c4cc2d200863cafc0d521ce42e7d3e7ee720ec0a83991735586a16f82\windows-amd64;C:\Users\hp\.gradle\native\e376f236ea51e6404a007f0833ffe2c6e607c4080706a723a18a27aeea778392\windows-amd64

VM Arguments:
jvm_args: --add-opens=java.base/java.util=ALL-UNNAMED --add-opens=java.base/java.lang=ALL-UNNAMED --add-opens=java.base/java.lang.invoke=ALL-UNNAMED --add-opens=java.prefs/java.util.prefs=ALL-UNNAMED --add-opens=java.base/java.nio.charset=ALL-UNNAMED --add-opens=java.base/java.net=ALL-UNNAMED --add-opens=java.base/java.util.concurrent.atomic=ALL-UNNAMED -XX:MaxMetaspaceSize=384m -XX:+HeapDumpOnOutOfMemoryError -Xms256m -Xmx512m -Dfile.encoding=UTF-8 -Duser.country=CZ -Duser.language=cs -Duser.variant -javaagent:C:\Users\hp\.gradle\wrapper\dists\gradle-8.3-bin\dxjbbhstwasg8cbags9q7cvli\gradle-8.3\lib\agents\gradle-instrumentation-agent-8.3.jar 
java_command: org.gradle.launcher.daemon.bootstrap.GradleDaemon 8.3
java_class_path (initial): C:\Users\hp\.gradle\wrapper\dists\gradle-8.3-bin\dxjbbhstwasg8cbags9q7cvli\gradle-8.3\lib\gradle-launcher-8.3.jar
Launcher Type: SUN_STANDARD

[Global flags]
     intx CICompilerCount                          = 4                                         {product} {ergonomic}
   size_t CompressedClassSpaceSize                 = 322961408                                 {product} {ergonomic}
     uint ConcGCThreads                            = 2                                         {product} {ergonomic}
     uint G1ConcRefinementThreads                  = 8                                         {product} {ergonomic}
   size_t G1HeapRegionSize                         = 1048576                                   {product} {ergonomic}
    uintx GCDrainStackTargetSize                   = 64                                        {product} {ergonomic}
     bool HeapDumpOnOutOfMemoryError               = true                                   {manageable} {command line}
   size_t InitialHeapSize                          = 268435456                                 {product} {command line}
   size_t MarkStackSize                            = 4194304                                   {product} {ergonomic}
   size_t MaxHeapSize                              = 536870912                                 {product} {command line}
   size_t MaxMetaspaceSize                         = 402653184                                 {product} {command line}
   size_t MaxNewSize                               = 321912832                                 {product} {ergonomic}
   size_t MinHeapDeltaBytes                        = 1048576                                   {product} {ergonomic}
   size_t MinHeapSize                              = 268435456                                 {product} {command line}
    uintx NonNMethodCodeHeapSize                   = 5839372                                {pd product} {ergonomic}
    uintx NonProfiledCodeHeapSize                  = 122909434                              {pd product} {ergonomic}
    uintx ProfiledCodeHeapSize                     = 122909434                              {pd product} {ergonomic}
    uintx ReservedCodeCacheSize                    = 251658240                              {pd product} {ergonomic}
     bool SegmentedCodeCache                       = true                                      {product} {ergonomic}
   size_t SoftMaxHeapSize                          = 536870912                              {manageable} {ergonomic}
     bool UseCompressedClassPointers               = true                           {product lp64_product} {ergonomic}
     bool UseCompressedOops                        = true                           {product lp64_product} {ergonomic}
     bool UseG1GC                                  = true                                      {product} {ergonomic}
     bool UseLargePagesIndividualAllocation        = false                                  {pd product} {ergonomic}

Logging:
Log output configuration:
 #0: stdout all=warning uptime,level,tags
 #1: stderr all=off uptime,level,tags

Environment Variables:
PATH=C:\Program Files (x86)\Common Files\Oracle\Java\javapath;C:\Program Files\Microsoft\jdk-11.0.12.7-hotspot\bin;C:\Windows\system32;C:\Windows;C:\Windows\System32\Wbem;C:\Windows\System32\WindowsPowerShell\v1.0\;C:\Windows\System32\OpenSSH\;C:\Program Files\Microsoft SQL Server\Client SDK\ODBC\170\Tools\Binn\;C:\Program Files (x86)\Microsoft SQL Server\150\Tools\Binn\;C:\Program Files\Microsoft SQL Server\150\Tools\Binn\;C:\Program Files\Microsoft SQL Server\150\DTS\Binn\;C:\Program Files (x86)\Microsoft SQL Server\150\DTS\Binn\;C:\Program Files\Azure Data Studio\bin;C:\Program Files\dotnet\;C:\Program Files\Git\cmd;C:\Users\hp\AppData\Local\Programs\Python\Python311\Scripts\;C:\Users\hp\AppData\Local\Programs\Python\Python311\;C:\Users\hp\AppData\Local\Programs\Python\Python39\Scripts\;C:\Users\hp\AppData\Local\Programs\Python\Python39\;C:\Users\hp\AppData\Local\Microsoft\WindowsApps;C:\Users\hp\AppData\Local\Programs\Microsoft VS Code\bin;C:\Users\hp\.dotnet\tools;C:\Users\hp\AppData\Local\JetBrains\Toolbox\scripts;C:\Users\hp\AppData\Local\GitHubDesktop\bin
USERNAME=hp
OS=Windows_NT
PROCESSOR_IDENTIFIER=Intel64 Family 6 Model 142 Stepping 10, GenuineIntel
TMP=C:\Users\hp\AppData\Local\Temp
TEMP=C:\Users\hp\AppData\Local\Temp



---------------  S Y S T E M  ---------------

OS:
 Windows 10 , 64 bit Build 19041 (10.0.19041.3393)
OS uptime: 1 days 5:47 hours
Hyper-V role detected

CPU: total 8 (initial active 8) (4 cores per cpu, 2 threads per core) family 6 model 142 stepping 10 microcode 0xea, cx8, cmov, fxsr, ht, mmx, 3dnowpref, sse, sse2, sse3, ssse3, sse4.1, sse4.2, popcnt, lzcnt, tsc, tscinvbit, avx, avx2, aes, erms, clmul, bmi1, bmi2, adx, fma, vzeroupper, clflush, clflushopt, hv

Memory: 4k page, system-wide physical 6024M (112M free)
TotalPageFile size 24456M (AvailPageFile size 6M)
current process WorkingSet (physical memory assigned to process): 144M, peak: 144M
current process commit charge ("private bytes"): 389M, peak: 391M

vm_info: OpenJDK 64-Bit Server VM (17.0.6+10-LTS) for windows-amd64 JRE (17.0.6+10-LTS), built on Jan 13 2023 22:57:04 by "Administrator" with MS VC++ 15.9 (VS2017)

END.
